{
  "stats": {
    "suites": 1,
    "tests": 10,
    "passes": 10,
    "pending": 0,
    "failures": 0,
    "start": "2024-12-02T13:00:11.237Z",
    "end": "2024-12-02T13:00:41.540Z",
    "duration": 30303,
    "testsRegistered": 10,
    "passPercent": 100,
    "pendingPercent": 0,
    "other": 0,
    "hasOther": false,
    "skipped": 0,
    "hasSkipped": false
  },
  "results": [
    {
      "uuid": "b13dcecd-bf4d-4448-800e-6cd23f40c37f",
      "title": "",
      "fullFile": "cypress\\e2e\\saas controller\\Customers.cy.js",
      "file": "cypress\\e2e\\saas controller\\Customers.cy.js",
      "beforeHooks": [],
      "afterHooks": [],
      "tests": [],
      "suites": [
        {
          "uuid": "fe44f3ef-81b1-4de2-97f7-f8b14d7dfe82",
          "title": "CUSTOMER PAGE VALIDATION ",
          "fullFile": "",
          "file": "",
          "beforeHooks": [],
          "afterHooks": [],
          "tests": [
            {
              "title": "Create by Admin",
              "fullTitle": "CUSTOMER PAGE VALIDATION  Create by Admin",
              "timedOut": null,
              "duration": 6727,
              "state": "passed",
              "speed": "medium",
              "pass": true,
              "fail": false,
              "pending": false,
              "context": null,
              "code": "bodydata.forEach(inputData => {\n  cy.fixture(\"url.json\").then(data => {\n    methoding = \"POST\";\n    makerequest(\"POST\", Cypress.env(\"token\"), data.createcustomer, inputData);\n  });\n});",
              "err": {},
              "uuid": "ee50ae8b-3866-4027-a28e-154fa15a5370",
              "parentUUID": "fe44f3ef-81b1-4de2-97f7-f8b14d7dfe82",
              "isHook": false,
              "skipped": false
            },
            {
              "title": "Create by Normal",
              "fullTitle": "CUSTOMER PAGE VALIDATION  Create by Normal",
              "timedOut": null,
              "duration": 42,
              "state": "passed",
              "speed": "fast",
              "pass": true,
              "fail": false,
              "pending": false,
              "context": null,
              "code": "const inputData = bodydata[0];\ncy.fixture(\"url.json\").then(data => {\n  methoding = \"POST\";\n  makerequest(\"POST\", Cypress.env(\"normalusertoken\"), data.createcustomer, inputData);\n});",
              "err": {},
              "uuid": "597bfa0f-9d2f-4ea5-8920-c4076e8b870d",
              "parentUUID": "fe44f3ef-81b1-4de2-97f7-f8b14d7dfe82",
              "isHook": false,
              "skipped": false
            },
            {
              "title": "Update by Admin",
              "fullTitle": "CUSTOMER PAGE VALIDATION  Update by Admin",
              "timedOut": null,
              "duration": 379,
              "state": "passed",
              "speed": "fast",
              "pass": true,
              "fail": false,
              "pending": false,
              "context": null,
              "code": "updatebodydata.forEach(inputData => {\n  cy.fixture(\"url.json\").then(data => {\n    methoding = \"PUT\";\n    makerequest(\"PUT\", Cypress.env(\"token\"), data.updatecustomer, inputData);\n  });\n});",
              "err": {},
              "uuid": "b4fa5527-c994-4d2e-965c-98204c642235",
              "parentUUID": "fe44f3ef-81b1-4de2-97f7-f8b14d7dfe82",
              "isHook": false,
              "skipped": false
            },
            {
              "title": "Update by Normal user",
              "fullTitle": "CUSTOMER PAGE VALIDATION  Update by Normal user",
              "timedOut": null,
              "duration": 84,
              "state": "passed",
              "speed": "fast",
              "pass": true,
              "fail": false,
              "pending": false,
              "context": null,
              "code": "cy.fixture(\"url.json\").then(data => {\n  const inputData = updatebodydata[0];\n  makerequest(\"PUT\", Cypress.env(\"normalusertoken\"), data.updatecustomer, inputData);\n});",
              "err": {},
              "uuid": "83ec0023-8956-4978-abd3-28404ba5e46c",
              "parentUUID": "fe44f3ef-81b1-4de2-97f7-f8b14d7dfe82",
              "isHook": false,
              "skipped": false
            },
            {
              "title": "Get by Admin",
              "fullTitle": "CUSTOMER PAGE VALIDATION  Get by Admin",
              "timedOut": null,
              "duration": 109,
              "state": "passed",
              "speed": "fast",
              "pass": true,
              "fail": false,
              "pending": false,
              "context": null,
              "code": "cy.fixture(\"url.json\").then(data => {\n  methoding = \"GET\";\n  makerequest(\"GET\", Cypress.env(\"token\"), data.getcustomer, null);\n});",
              "err": {},
              "uuid": "d11acb4d-66c2-4d55-b0a7-a591a73746f0",
              "parentUUID": "fe44f3ef-81b1-4de2-97f7-f8b14d7dfe82",
              "isHook": false,
              "skipped": false
            },
            {
              "title": "Get by Normal user",
              "fullTitle": "CUSTOMER PAGE VALIDATION  Get by Normal user",
              "timedOut": null,
              "duration": 115,
              "state": "passed",
              "speed": "fast",
              "pass": true,
              "fail": false,
              "pending": false,
              "context": null,
              "code": "cy.fixture(\"url.json\").then(data => {\n  methoding = \"GET\";\n  makerequest(\"GET\", Cypress.env(\"normalusertoken\"), data.getcustomer, null);\n});",
              "err": {},
              "uuid": "f9d22418-546b-4d58-a9fa-3b8732f97a63",
              "parentUUID": "fe44f3ef-81b1-4de2-97f7-f8b14d7dfe82",
              "isHook": false,
              "skipped": false
            },
            {
              "title": "Get all by Admin",
              "fullTitle": "CUSTOMER PAGE VALIDATION  Get all by Admin",
              "timedOut": null,
              "duration": 482,
              "state": "passed",
              "speed": "fast",
              "pass": true,
              "fail": false,
              "pending": false,
              "context": null,
              "code": "cy.fixture(\"url.json\").then(data => {\n  methoding = \"GET\";\n  makerequest(\"GET\", Cypress.env(\"token\"), data.getallcustomer, null);\n});",
              "err": {},
              "uuid": "70a0d68a-8abf-4fe7-a071-51140022c3b2",
              "parentUUID": "fe44f3ef-81b1-4de2-97f7-f8b14d7dfe82",
              "isHook": false,
              "skipped": false
            },
            {
              "title": "Get all by Normal user",
              "fullTitle": "CUSTOMER PAGE VALIDATION  Get all by Normal user",
              "timedOut": null,
              "duration": 426,
              "state": "passed",
              "speed": "fast",
              "pass": true,
              "fail": false,
              "pending": false,
              "context": null,
              "code": "cy.fixture(\"url.json\").then(data => {\n  methoding = \"GET\";\n  makerequest(\"GET\", Cypress.env(\"normalusertoken\"), data.getallcustomer, null);\n});",
              "err": {},
              "uuid": "a0e91a7a-22b4-463c-ae75-8e04ab0146a6",
              "parentUUID": "fe44f3ef-81b1-4de2-97f7-f8b14d7dfe82",
              "isHook": false,
              "skipped": false
            },
            {
              "title": "Delete by Admin",
              "fullTitle": "CUSTOMER PAGE VALIDATION  Delete by Admin",
              "timedOut": null,
              "duration": 899,
              "state": "passed",
              "speed": "fast",
              "pass": true,
              "fail": false,
              "pending": false,
              "context": null,
              "code": "cy.fixture(\"url.json\").then(data => {\n  methoding = \"DELETE\";\n  makerequest(\"DELETE\", Cypress.env(\"token\"), data.deletecustomer, null);\n});",
              "err": {},
              "uuid": "baa93be3-4d79-4144-87bc-563099b6b4f8",
              "parentUUID": "fe44f3ef-81b1-4de2-97f7-f8b14d7dfe82",
              "isHook": false,
              "skipped": false
            },
            {
              "title": "Delete by Normal user",
              "fullTitle": "CUSTOMER PAGE VALIDATION  Delete by Normal user",
              "timedOut": null,
              "duration": 52,
              "state": "passed",
              "speed": "fast",
              "pass": true,
              "fail": false,
              "pending": false,
              "context": null,
              "code": "cy.fixture(\"url.json\").then(data => {\n  methoding = \"DELETE\";\n  makerequest(\"DELETE\", Cypress.env(\"normalusertoken\"), data.deletecustomer, null);\n});",
              "err": {},
              "uuid": "e79d75f6-e981-4ac4-b201-5435567963d0",
              "parentUUID": "fe44f3ef-81b1-4de2-97f7-f8b14d7dfe82",
              "isHook": false,
              "skipped": false
            }
          ],
          "suites": [],
          "passes": [
            "ee50ae8b-3866-4027-a28e-154fa15a5370",
            "597bfa0f-9d2f-4ea5-8920-c4076e8b870d",
            "b4fa5527-c994-4d2e-965c-98204c642235",
            "83ec0023-8956-4978-abd3-28404ba5e46c",
            "d11acb4d-66c2-4d55-b0a7-a591a73746f0",
            "f9d22418-546b-4d58-a9fa-3b8732f97a63",
            "70a0d68a-8abf-4fe7-a071-51140022c3b2",
            "a0e91a7a-22b4-463c-ae75-8e04ab0146a6",
            "baa93be3-4d79-4144-87bc-563099b6b4f8",
            "e79d75f6-e981-4ac4-b201-5435567963d0"
          ],
          "failures": [],
          "pending": [],
          "skipped": [],
          "duration": 9315,
          "root": false,
          "rootEmpty": false,
          "_timeout": 2000
        }
      ],
      "passes": [],
      "failures": [],
      "pending": [],
      "skipped": [],
      "duration": 0,
      "root": true,
      "rootEmpty": true,
      "_timeout": 2000
    }
  ],
  "meta": {
    "mocha": {
      "version": "7.0.1"
    },
    "mochawesome": {
      "options": {
        "quiet": false,
        "reportFilename": "mochawesome",
        "saveHtml": true,
        "saveJson": true,
        "consoleReporter": "spec",
        "useInlineDiffs": false,
        "code": true
      },
      "version": "7.1.3"
    },
    "marge": {
      "options": {
        "reportDir": "cypress/reports/mocha",
        "overwrite": false,
        "html": true,
        "json": true
      },
      "version": "6.2.0"
    }
  }
}