{
  "stats": {
    "suites": 1,
    "tests": 12,
    "passes": 12,
    "pending": 0,
    "failures": 0,
    "start": "2024-12-02T13:00:52.417Z",
    "end": "2024-12-02T13:01:18.982Z",
    "duration": 26565,
    "testsRegistered": 12,
    "passPercent": 100,
    "pendingPercent": 0,
    "other": 0,
    "hasOther": false,
    "skipped": 0,
    "hasSkipped": false
  },
  "results": [
    {
      "uuid": "f5bc71f3-d0a6-491a-a529-41852f964c47",
      "title": "",
      "fullFile": "cypress\\e2e\\saas controller\\Payments.cy.js",
      "file": "cypress\\e2e\\saas controller\\Payments.cy.js",
      "beforeHooks": [],
      "afterHooks": [],
      "tests": [],
      "suites": [
        {
          "uuid": "2b24c342-8738-44bb-b6c1-e23312bd1356",
          "title": "PAYMENT PAGE VALIDATION",
          "fullFile": "",
          "file": "",
          "beforeHooks": [],
          "afterHooks": [],
          "tests": [
            {
              "title": "Create by Admin",
              "fullTitle": "PAYMENT PAGE VALIDATION Create by Admin",
              "timedOut": null,
              "duration": 631,
              "state": "passed",
              "speed": "fast",
              "pass": true,
              "fail": false,
              "pending": false,
              "context": null,
              "code": "bodydata.forEach(inputData => {\n  cy.fixture(\"url.json\").then(data => {\n    methoding = \"POST\";\n    makerequest(\"POST\", Cypress.env(\"token\"), data.createpayment, inputData);\n  });\n});",
              "err": {},
              "uuid": "f844d65b-a723-41b9-8aea-cf9e4703cab0",
              "parentUUID": "2b24c342-8738-44bb-b6c1-e23312bd1356",
              "isHook": false,
              "skipped": false
            },
            {
              "title": "Create by Normal",
              "fullTitle": "PAYMENT PAGE VALIDATION Create by Normal",
              "timedOut": null,
              "duration": 46,
              "state": "passed",
              "speed": "fast",
              "pass": true,
              "fail": false,
              "pending": false,
              "context": null,
              "code": "const inputData = bodydata[0];\ncy.fixture(\"url.json\").then(data => {\n  methoding = \"POST\";\n  makerequest(\"POST\", Cypress.env(\"normalusertoken\"), data.createpayment, inputData);\n});",
              "err": {},
              "uuid": "cf91bbf4-4223-4507-b8ba-f372f932fd96",
              "parentUUID": "2b24c342-8738-44bb-b6c1-e23312bd1356",
              "isHook": false,
              "skipped": false
            },
            {
              "title": "Update by admin",
              "fullTitle": "PAYMENT PAGE VALIDATION Update by admin",
              "timedOut": null,
              "duration": 239,
              "state": "passed",
              "speed": "fast",
              "pass": true,
              "fail": false,
              "pending": false,
              "context": null,
              "code": "updatebodydata.forEach(inputData => {\n  cy.fixture(\"url.json\").then(data => {\n    methoding = \"PUT\";\n    makerequest(\"PUT\", Cypress.env(\"token\"), data.updatepayment, inputData);\n  });\n});",
              "err": {},
              "uuid": "59d75977-6e2e-4424-bc95-91e4000b6b33",
              "parentUUID": "2b24c342-8738-44bb-b6c1-e23312bd1356",
              "isHook": false,
              "skipped": false
            },
            {
              "title": "Update by Normal",
              "fullTitle": "PAYMENT PAGE VALIDATION Update by Normal",
              "timedOut": null,
              "duration": 44,
              "state": "passed",
              "speed": "fast",
              "pass": true,
              "fail": false,
              "pending": false,
              "context": null,
              "code": "cy.fixture(\"url.json\").then(data => {\n  const inputData = updatebodydata[0];\n  methoding = \"PUT\";\n  makerequest(\"PUT\", Cypress.env(\"normalusertoken\"), data.updatepayment, inputData);\n});",
              "err": {},
              "uuid": "007e99b4-95c0-43b4-9a11-49a5d96f14a3",
              "parentUUID": "2b24c342-8738-44bb-b6c1-e23312bd1356",
              "isHook": false,
              "skipped": false
            },
            {
              "title": "Get by Cus_id (admin)",
              "fullTitle": "PAYMENT PAGE VALIDATION Get by Cus_id (admin)",
              "timedOut": null,
              "duration": 67,
              "state": "passed",
              "speed": "fast",
              "pass": true,
              "fail": false,
              "pending": false,
              "context": null,
              "code": "cy.fixture(\"url.json\").then(data => {\n  methoding = \"GET\";\n  makerequest(\"GET\", Cypress.env(\"token\"), data.getpaymentCID, null);\n});",
              "err": {},
              "uuid": "827ee032-a79c-407f-b844-d75a0eb3edd7",
              "parentUUID": "2b24c342-8738-44bb-b6c1-e23312bd1356",
              "isHook": false,
              "skipped": false
            },
            {
              "title": "Get by Cus_id (normal)",
              "fullTitle": "PAYMENT PAGE VALIDATION Get by Cus_id (normal)",
              "timedOut": null,
              "duration": 41,
              "state": "passed",
              "speed": "fast",
              "pass": true,
              "fail": false,
              "pending": false,
              "context": null,
              "code": "cy.fixture(\"url.json\").then(data => {\n  methoding = \"GET\";\n  makerequest(\"GET\", Cypress.env(\"normalusertoken\"), data.getpaymentCID, null);\n});",
              "err": {},
              "uuid": "36a31458-5bdb-46a9-a471-8bb0c5c48b07",
              "parentUUID": "2b24c342-8738-44bb-b6c1-e23312bd1356",
              "isHook": false,
              "skipped": false
            },
            {
              "title": "Get by Cus_Sub_id (admin)",
              "fullTitle": "PAYMENT PAGE VALIDATION Get by Cus_Sub_id (admin)",
              "timedOut": null,
              "duration": 36,
              "state": "passed",
              "speed": "fast",
              "pass": true,
              "fail": false,
              "pending": false,
              "context": null,
              "code": "cy.fixture(\"url.json\").then(data => {\n  methoding = \"GET\";\n  makerequest(\"GET\", Cypress.env(\"token\"), data.getpaymentCIDSID, null);\n});",
              "err": {},
              "uuid": "775332c9-95b6-4027-b4df-dd8af352ea77",
              "parentUUID": "2b24c342-8738-44bb-b6c1-e23312bd1356",
              "isHook": false,
              "skipped": false
            },
            {
              "title": "Get by Cus_Sub_id (Normal)",
              "fullTitle": "PAYMENT PAGE VALIDATION Get by Cus_Sub_id (Normal)",
              "timedOut": null,
              "duration": 37,
              "state": "passed",
              "speed": "fast",
              "pass": true,
              "fail": false,
              "pending": false,
              "context": null,
              "code": "cy.fixture(\"url.json\").then(data => {\n  methoding = \"GET\";\n  makerequest(\"GET\", Cypress.env(\"normalusertoken\"), data.getpaymentCIDSID, null);\n});",
              "err": {},
              "uuid": "cbebdc32-f8b1-4f33-9c71-2c4048c1dead",
              "parentUUID": "2b24c342-8738-44bb-b6c1-e23312bd1356",
              "isHook": false,
              "skipped": false
            },
            {
              "title": "get all  by admin",
              "fullTitle": "PAYMENT PAGE VALIDATION get all  by admin",
              "timedOut": null,
              "duration": 39,
              "state": "passed",
              "speed": "fast",
              "pass": true,
              "fail": false,
              "pending": false,
              "context": null,
              "code": "cy.fixture(\"url.json\").then(data => {\n  methoding = \"GET\";\n  makerequest(\"GET\", Cypress.env(\"token\"), data.getallpayment, null);\n});",
              "err": {},
              "uuid": "a4936dba-d1fd-4d92-bd0e-06e358ff0158",
              "parentUUID": "2b24c342-8738-44bb-b6c1-e23312bd1356",
              "isHook": false,
              "skipped": false
            },
            {
              "title": "get all  by normal",
              "fullTitle": "PAYMENT PAGE VALIDATION get all  by normal",
              "timedOut": null,
              "duration": 44,
              "state": "passed",
              "speed": "fast",
              "pass": true,
              "fail": false,
              "pending": false,
              "context": null,
              "code": "cy.fixture(\"url.json\").then(data => {\n  methoding = \"GET\";\n  makerequest(\"GET\", Cypress.env(\"normalusertoken\"), data.getallpayment, null);\n});",
              "err": {},
              "uuid": "6e6e8586-27ad-4427-a37e-d6fef782ce5d",
              "parentUUID": "2b24c342-8738-44bb-b6c1-e23312bd1356",
              "isHook": false,
              "skipped": false
            },
            {
              "title": "delete by admin",
              "fullTitle": "PAYMENT PAGE VALIDATION delete by admin",
              "timedOut": null,
              "duration": 634,
              "state": "passed",
              "speed": "fast",
              "pass": true,
              "fail": false,
              "pending": false,
              "context": null,
              "code": "cy.fixture(\"url.json\").then(data => {\n  methoding = \"DELETE\";\n  makerequest(\"DELETE\", Cypress.env(\"token\"), data.deletepayment, null);\n});",
              "err": {},
              "uuid": "ef390ec5-9967-47d1-abde-58be2f6f33ff",
              "parentUUID": "2b24c342-8738-44bb-b6c1-e23312bd1356",
              "isHook": false,
              "skipped": false
            },
            {
              "title": "delete by normal",
              "fullTitle": "PAYMENT PAGE VALIDATION delete by normal",
              "timedOut": null,
              "duration": 41,
              "state": "passed",
              "speed": "fast",
              "pass": true,
              "fail": false,
              "pending": false,
              "context": null,
              "code": "cy.fixture(\"url.json\").then(data => {\n  methoding = \"DELETE\";\n  makerequest(\"DELETE\", Cypress.env(\"normalusertoken\"), data.deletepayment, null);\n});",
              "err": {},
              "uuid": "9b4d436d-bda6-4770-8d87-134cb2e1a345",
              "parentUUID": "2b24c342-8738-44bb-b6c1-e23312bd1356",
              "isHook": false,
              "skipped": false
            }
          ],
          "suites": [],
          "passes": [
            "f844d65b-a723-41b9-8aea-cf9e4703cab0",
            "cf91bbf4-4223-4507-b8ba-f372f932fd96",
            "59d75977-6e2e-4424-bc95-91e4000b6b33",
            "007e99b4-95c0-43b4-9a11-49a5d96f14a3",
            "827ee032-a79c-407f-b844-d75a0eb3edd7",
            "36a31458-5bdb-46a9-a471-8bb0c5c48b07",
            "775332c9-95b6-4027-b4df-dd8af352ea77",
            "cbebdc32-f8b1-4f33-9c71-2c4048c1dead",
            "a4936dba-d1fd-4d92-bd0e-06e358ff0158",
            "6e6e8586-27ad-4427-a37e-d6fef782ce5d",
            "ef390ec5-9967-47d1-abde-58be2f6f33ff",
            "9b4d436d-bda6-4770-8d87-134cb2e1a345"
          ],
          "failures": [],
          "pending": [],
          "skipped": [],
          "duration": 1899,
          "root": false,
          "rootEmpty": false,
          "_timeout": 2000
        }
      ],
      "passes": [],
      "failures": [],
      "pending": [],
      "skipped": [],
      "duration": 0,
      "root": true,
      "rootEmpty": true,
      "_timeout": 2000
    }
  ],
  "meta": {
    "mocha": {
      "version": "7.0.1"
    },
    "mochawesome": {
      "options": {
        "quiet": false,
        "reportFilename": "mochawesome",
        "saveHtml": true,
        "saveJson": true,
        "consoleReporter": "spec",
        "useInlineDiffs": false,
        "code": true
      },
      "version": "7.1.3"
    },
    "marge": {
      "options": {
        "reportDir": "cypress/reports/mocha",
        "overwrite": false,
        "html": true,
        "json": true
      },
      "version": "6.2.0"
    }
  }
}