{
  "stats": {
    "suites": 1,
    "tests": 15,
    "passes": 15,
    "pending": 0,
    "failures": 0,
    "start": "2024-12-02T13:01:59.342Z",
    "end": "2024-12-02T13:03:02.764Z",
    "duration": 63422,
    "testsRegistered": 15,
    "passPercent": 100,
    "pendingPercent": 0,
    "other": 0,
    "hasOther": false,
    "skipped": 0,
    "hasSkipped": false
  },
  "results": [
    {
      "uuid": "36a97b6c-660e-4bd5-9480-da160488910a",
      "title": "",
      "fullFile": "cypress\\e2e\\saas controller\\Users.cy.js",
      "file": "cypress\\e2e\\saas controller\\Users.cy.js",
      "beforeHooks": [],
      "afterHooks": [],
      "tests": [],
      "suites": [
        {
          "uuid": "b9661ef1-7327-45d8-a76a-2cbe4ca0d170",
          "title": "USER PAGE VALIDATION",
          "fullFile": "",
          "file": "",
          "beforeHooks": [],
          "afterHooks": [],
          "tests": [
            {
              "title": "",
              "fullTitle": "USER PAGE VALIDATION ",
              "timedOut": null,
              "duration": 424,
              "state": "passed",
              "speed": "fast",
              "pass": true,
              "fail": false,
              "pending": false,
              "context": null,
              "code": "createbodydata.forEach(inputData => {\n  cy.fixture(\"url.json\").then(data => {\n    cy.request({\n      method: \"Post\",\n      url: data.createuser,\n      headers: {\n        \"token\": Cypress.env(\"token\")\n      },\n      body: inputData,\n      failOnStatusCode: false\n    }).then(response => {\n      expect(response.status).to.be.oneOf([201, 409]);\n      normalaccess();\n    });\n  });\n});",
              "err": {},
              "uuid": "b0d1fa5f-1f9b-40f4-b579-fed66b3a48af",
              "parentUUID": "b9661ef1-7327-45d8-a76a-2cbe4ca0d170",
              "isHook": false,
              "skipped": false
            },
            {
              "title": "Create by Admin",
              "fullTitle": "USER PAGE VALIDATION Create by Admin",
              "timedOut": null,
              "duration": 4076,
              "state": "passed",
              "speed": "fast",
              "pass": true,
              "fail": false,
              "pending": false,
              "context": null,
              "code": "bodydata.forEach(inputData => {\n  if (inputData.generateRandomEmail) {\n    inputData.email = generateRandomEmail();\n  }\n  if (inputData.generateRandomUsername) {\n    inputData.username = generateRandomUsername();\n  }\n  if (inputData.generateRandomFullName) {\n    inputData.full_name = generateRandomFullName();\n  }\n  cy.fixture(\"url.json\").then(data => {\n    methoding = \"POST\";\n    makerequest(\"POST\", Cypress.env(\"token\"), data.createuser, inputData);\n  });\n});",
              "err": {},
              "uuid": "796722be-5eec-4742-9428-5c3c7f39c812",
              "parentUUID": "b9661ef1-7327-45d8-a76a-2cbe4ca0d170",
              "isHook": false,
              "skipped": false
            },
            {
              "title": "Create by Normal user",
              "fullTitle": "USER PAGE VALIDATION Create by Normal user",
              "timedOut": null,
              "duration": 36,
              "state": "passed",
              "speed": "fast",
              "pass": true,
              "fail": false,
              "pending": false,
              "context": null,
              "code": "cy.fixture(\"url.json\").then(data => {\n  const inputData = bodydata[0];\n  methoding = \"POST\";\n  makerequest(\"POST\", Cypress.env(\"normalusertoken\"), data.createuser, inputData);\n});",
              "err": {},
              "uuid": "3808c03f-ffd7-42c6-8da7-e729df7c5f93",
              "parentUUID": "b9661ef1-7327-45d8-a76a-2cbe4ca0d170",
              "isHook": false,
              "skipped": false
            },
            {
              "title": "Update user by Admin",
              "fullTitle": "USER PAGE VALIDATION Update user by Admin",
              "timedOut": null,
              "duration": 1483,
              "state": "passed",
              "speed": "fast",
              "pass": true,
              "fail": false,
              "pending": false,
              "context": null,
              "code": "updatebodydata.forEach(inputData => {\n  if (inputData.generateRandomEmail) {\n    inputData.email = generateRandomEmail();\n  }\n  cy.fixture(\"url.json\").then(data => {\n    methoding = \"PUT\";\n    makerequest(\"PUT\", Cypress.env(\"token\"), data.updateuser, inputData);\n  });\n});",
              "err": {},
              "uuid": "c184637b-5365-4fab-879a-d3d1fc5ca440",
              "parentUUID": "b9661ef1-7327-45d8-a76a-2cbe4ca0d170",
              "isHook": false,
              "skipped": false
            },
            {
              "title": "Update by Normal user",
              "fullTitle": "USER PAGE VALIDATION Update by Normal user",
              "timedOut": null,
              "duration": 40,
              "state": "passed",
              "speed": "fast",
              "pass": true,
              "fail": false,
              "pending": false,
              "context": null,
              "code": "cy.fixture(\"url.json\").then(data => {\n  const inputData = updatebodydata[0];\n  makerequest(\"PUT\", Cypress.env(\"normalusertoken\"), data.updateuser, inputData);\n});",
              "err": {},
              "uuid": "f0cba34b-70b1-4374-a5c8-5b2d31e266df",
              "parentUUID": "b9661ef1-7327-45d8-a76a-2cbe4ca0d170",
              "isHook": false,
              "skipped": false
            },
            {
              "title": "Changepassword by Admin",
              "fullTitle": "USER PAGE VALIDATION Changepassword by Admin",
              "timedOut": null,
              "duration": 943,
              "state": "passed",
              "speed": "fast",
              "pass": true,
              "fail": false,
              "pending": false,
              "context": null,
              "code": "tokenaccess();\nAdminbodydata.forEach(inputData => {\n  cy.fixture(\"url.json\").then(data => {\n    methoding = \"PUT\";\n    naming = Cypress.env(\"somu\");\n    makerequest(\"PUT\", Cypress.env(\"Atoken\"), data.changepwd, inputData);\n  });\n});",
              "err": {},
              "uuid": "eef1c864-f023-46bd-bc7f-f18ae51a1463",
              "parentUUID": "b9661ef1-7327-45d8-a76a-2cbe4ca0d170",
              "isHook": false,
              "skipped": false
            },
            {
              "title": "Changepassword by Normal",
              "fullTitle": "USER PAGE VALIDATION Changepassword by Normal",
              "timedOut": null,
              "duration": 1343,
              "state": "passed",
              "speed": "fast",
              "pass": true,
              "fail": false,
              "pending": false,
              "context": null,
              "code": "tokenaccess();\nNormalbodydata.forEach(inputData => {\n  cy.fixture(\"url.json\").then(data => {\n    methoding = \"PUT\";\n    naming = Cypress.env(\"ramu\");\n    makerequest(\"PUT\", Cypress.env(\"Ntoken\"), data.changepwd, inputData);\n  });\n});",
              "err": {},
              "uuid": "0c7931e0-0567-4fc9-8e13-4a13d63ac5c3",
              "parentUUID": "b9661ef1-7327-45d8-a76a-2cbe4ca0d170",
              "isHook": false,
              "skipped": false
            },
            {
              "title": "Reset Password by Admin",
              "fullTitle": "USER PAGE VALIDATION Reset Password by Admin",
              "timedOut": null,
              "duration": 11853,
              "state": "passed",
              "speed": "slow",
              "pass": true,
              "fail": false,
              "pending": false,
              "context": null,
              "code": "resetbodydata.forEach(inputData => {\n  cy.fixture(\"url.json\").then(data => {\n    methoding = \"PUT\";\n    naming = Cypress.env(\"sree\");\n    makerequest(\"PUT\", Cypress.env(\"token\"), data.resetpwd, inputData);\n  });\n});",
              "err": {},
              "uuid": "55d7fa07-893d-4a72-a7c1-fe71fc50786a",
              "parentUUID": "b9661ef1-7327-45d8-a76a-2cbe4ca0d170",
              "isHook": false,
              "skipped": false
            },
            {
              "title": "Reset Password by Normal user",
              "fullTitle": "USER PAGE VALIDATION Reset Password by Normal user",
              "timedOut": null,
              "duration": 10621,
              "state": "passed",
              "speed": "slow",
              "pass": true,
              "fail": false,
              "pending": false,
              "context": null,
              "code": "resetbodydata.forEach(inputData => {\n  cy.fixture(\"url.json\").then(data => {\n    methoding = \"PUT\";\n    naming = Cypress.env(\"sri\");\n    makerequest(\"PUT\", Cypress.env(\"normalusertoken\"), data.resetpwd, inputData);\n  });\n});",
              "err": {},
              "uuid": "dab3c558-b5f7-4e5c-a095-72c7fa891e96",
              "parentUUID": "b9661ef1-7327-45d8-a76a-2cbe4ca0d170",
              "isHook": false,
              "skipped": false
            },
            {
              "title": "Get by Admin",
              "fullTitle": "USER PAGE VALIDATION Get by Admin",
              "timedOut": null,
              "duration": 68,
              "state": "passed",
              "speed": "fast",
              "pass": true,
              "fail": false,
              "pending": false,
              "context": null,
              "code": "cy.fixture(\"url.json\").then(data => {\n  methoding = \"GET\";\n  makerequest(\"GET\", Cypress.env(\"token\"), data.getuser, null);\n});",
              "err": {},
              "uuid": "5eb47726-5163-40fa-83ca-5951bce32668",
              "parentUUID": "b9661ef1-7327-45d8-a76a-2cbe4ca0d170",
              "isHook": false,
              "skipped": false
            },
            {
              "title": "Get by Normal user",
              "fullTitle": "USER PAGE VALIDATION Get by Normal user",
              "timedOut": null,
              "duration": 80,
              "state": "passed",
              "speed": "fast",
              "pass": true,
              "fail": false,
              "pending": false,
              "context": null,
              "code": "cy.fixture(\"url.json\").then(data => {\n  methoding = \"GET\";\n  makerequest(\"GET\", Cypress.env(\"normalusertoken\"), data.getuser, null);\n});",
              "err": {},
              "uuid": "4ff98e2c-fe54-49e9-bcea-da3f6a3a83ea",
              "parentUUID": "b9661ef1-7327-45d8-a76a-2cbe4ca0d170",
              "isHook": false,
              "skipped": false
            },
            {
              "title": "Get all Users by Admin",
              "fullTitle": "USER PAGE VALIDATION Get all Users by Admin",
              "timedOut": null,
              "duration": 411,
              "state": "passed",
              "speed": "fast",
              "pass": true,
              "fail": false,
              "pending": false,
              "context": null,
              "code": "cy.fixture(\"url.json\").then(data => {\n  methoding = \"GET\";\n  makerequest(\"GET\", Cypress.env(\"token\"), data.getalluser, null);\n});",
              "err": {},
              "uuid": "90bb3018-64e6-4e36-bd6d-8cef119dac20",
              "parentUUID": "b9661ef1-7327-45d8-a76a-2cbe4ca0d170",
              "isHook": false,
              "skipped": false
            },
            {
              "title": "Get all Users by Normal user",
              "fullTitle": "USER PAGE VALIDATION Get all Users by Normal user",
              "timedOut": null,
              "duration": 268,
              "state": "passed",
              "speed": "fast",
              "pass": true,
              "fail": false,
              "pending": false,
              "context": null,
              "code": "cy.fixture(\"url.json\").then(data => {\n  methoding = \"GET\";\n  makerequest(\"GET\", Cypress.env(\"normalusertoken\"), data.getalluser, null);\n});",
              "err": {},
              "uuid": "8ab55d0f-99c2-49ed-ae0d-5777781552e8",
              "parentUUID": "b9661ef1-7327-45d8-a76a-2cbe4ca0d170",
              "isHook": false,
              "skipped": false
            },
            {
              "title": "Delete by Admin",
              "fullTitle": "USER PAGE VALIDATION Delete by Admin",
              "timedOut": null,
              "duration": 604,
              "state": "passed",
              "speed": "fast",
              "pass": true,
              "fail": false,
              "pending": false,
              "context": null,
              "code": "cy.fixture(\"url.json\").then(data => {\n  methoding = \"DELETE\";\n  makerequest(\"DELETE\", Cypress.env(\"token\"), data.deleteuser, null);\n});",
              "err": {},
              "uuid": "c5f47e7e-428b-43ff-92c0-bcc3df004815",
              "parentUUID": "b9661ef1-7327-45d8-a76a-2cbe4ca0d170",
              "isHook": false,
              "skipped": false
            },
            {
              "title": "Delete by Normal user",
              "fullTitle": "USER PAGE VALIDATION Delete by Normal user",
              "timedOut": null,
              "duration": 57,
              "state": "passed",
              "speed": "fast",
              "pass": true,
              "fail": false,
              "pending": false,
              "context": null,
              "code": "cy.fixture(\"url.json\").then(data => {\n  methoding = \"DELETE\";\n  makerequest(\"DELETE\", Cypress.env(\"normalusertoken\"), data.deleteuser, null);\n});",
              "err": {},
              "uuid": "f95839e9-06e1-4505-87c2-a2751771415d",
              "parentUUID": "b9661ef1-7327-45d8-a76a-2cbe4ca0d170",
              "isHook": false,
              "skipped": false
            }
          ],
          "suites": [],
          "passes": [
            "b0d1fa5f-1f9b-40f4-b579-fed66b3a48af",
            "796722be-5eec-4742-9428-5c3c7f39c812",
            "3808c03f-ffd7-42c6-8da7-e729df7c5f93",
            "c184637b-5365-4fab-879a-d3d1fc5ca440",
            "f0cba34b-70b1-4374-a5c8-5b2d31e266df",
            "eef1c864-f023-46bd-bc7f-f18ae51a1463",
            "0c7931e0-0567-4fc9-8e13-4a13d63ac5c3",
            "55d7fa07-893d-4a72-a7c1-fe71fc50786a",
            "dab3c558-b5f7-4e5c-a095-72c7fa891e96",
            "5eb47726-5163-40fa-83ca-5951bce32668",
            "4ff98e2c-fe54-49e9-bcea-da3f6a3a83ea",
            "90bb3018-64e6-4e36-bd6d-8cef119dac20",
            "8ab55d0f-99c2-49ed-ae0d-5777781552e8",
            "c5f47e7e-428b-43ff-92c0-bcc3df004815",
            "f95839e9-06e1-4505-87c2-a2751771415d"
          ],
          "failures": [],
          "pending": [],
          "skipped": [],
          "duration": 32307,
          "root": false,
          "rootEmpty": false,
          "_timeout": 2000
        }
      ],
      "passes": [],
      "failures": [],
      "pending": [],
      "skipped": [],
      "duration": 0,
      "root": true,
      "rootEmpty": true,
      "_timeout": 2000
    }
  ],
  "meta": {
    "mocha": {
      "version": "7.0.1"
    },
    "mochawesome": {
      "options": {
        "quiet": false,
        "reportFilename": "mochawesome",
        "saveHtml": true,
        "saveJson": true,
        "consoleReporter": "spec",
        "useInlineDiffs": false,
        "code": true
      },
      "version": "7.1.3"
    },
    "marge": {
      "options": {
        "reportDir": "cypress/reports/mocha",
        "overwrite": false,
        "html": true,
        "json": true
      },
      "version": "6.2.0"
    }
  }
}